<?xml version="1.0" encoding="UTF-8"?>
<testng-results skipped="0" failed="0" ignored="0" total="1" passed="1">
  <reporter-output>
  </reporter-output>
  <suite name="Default suite" duration-ms="15353" started-at="2017-02-18T07:42:47Z" finished-at="2017-02-18T07:43:02Z">
    <groups>
    </groups>
    <test name="Default test" duration-ms="15353" started-at="2017-02-18T07:42:47Z" finished-at="2017-02-18T07:43:02Z">
      <class name="com.pomproject.tests.AdminLoginTest">
        <test-method status="PASS" signature="LaunchApp()[pri:0, instance:com.pomproject.tests.AdminLoginTest@1fd837fe]" name="LaunchApp" is-config="true" duration-ms="9642" started-at="2017-02-18T13:12:37Z" finished-at="2017-02-18T13:12:47Z">
          <reporter-output>
          </reporter-output>
        </test-method> <!-- LaunchApp -->
        <test-method status="PASS" signature="logInapp()[pri:0, instance:com.pomproject.tests.AdminLoginTest@1fd837fe]" name="logInapp" duration-ms="15317" started-at="2017-02-18T13:12:47Z" finished-at="2017-02-18T13:13:02Z">
          <reporter-output>
          </reporter-output>
        </test-method> <!-- logInapp -->
        <test-method status="PASS" signature="Closeapp()[pri:0, instance:com.pomproject.tests.AdminLoginTest@1fd837fe]" name="Closeapp" is-config="true" duration-ms="1180" started-at="2017-02-18T13:13:02Z" finished-at="2017-02-18T13:13:03Z">
          <reporter-output>
          </reporter-output>
        </test-method> <!-- Closeapp -->
      </class> <!-- com.pomproject.tests.AdminLoginTest -->
    </test> <!-- Default test -->
  </suite> <!-- Default suite -->
</testng-results>
